<?xml version="1.0" encoding="UTF-8"?>
<testsuite xmlns:xsi="http://www.w3.org/2001/XMLSchema-instance" xsi:noNamespaceSchemaLocation="https://maven.apache.org/surefire/maven-surefire-plugin/xsd/surefire-test-report.xsd" name="com.chientt.bloomfilter.SimpleBloomFilterTest" time="0.24" tests="2" errors="0" skipped="0" failures="1">
  <properties>
    <property name="sun.desktop" value="gnome"/>
    <property name="awt.toolkit" value="sun.awt.X11.XToolkit"/>
    <property name="file.encoding.pkg" value="sun.io"/>
    <property name="java.specification.version" value="1.8"/>
    <property name="sun.cpu.isalist" value=""/>
    <property name="sun.jnu.encoding" value="UTF-8"/>
    <property name="java.class.path" value="/home/chientt/0.workspace/data-structures/bloom_filter/target/test-classes:/home/chientt/0.workspace/data-structures/bloom_filter/target/classes:/home/chientt/.m2/repository/org/assertj/assertj-core/3.9.1/assertj-core-3.9.1.jar:/home/chientt/.m2/repository/junit/junit/4.12/junit-4.12.jar:/home/chientt/.m2/repository/org/hamcrest/hamcrest-core/1.3/hamcrest-core-1.3.jar:"/>
    <property name="java.vm.vendor" value="Oracle Corporation"/>
    <property name="sun.arch.data.model" value="64"/>
    <property name="java.vendor.url" value="http://java.oracle.com/"/>
    <property name="user.timezone" value=""/>
    <property name="java.vm.specification.version" value="1.8"/>
    <property name="os.name" value="Linux"/>
    <property name="sun.java.launcher" value="SUN_STANDARD"/>
    <property name="user.country" value="US"/>
    <property name="sun.boot.library.path" value="/home/chientt/jdk1.8.0_151/jre/lib/amd64"/>
    <property name="sun.java.command" value="/home/chientt/0.workspace/data-structures/bloom_filter/target/surefire/surefirebooter5045761519720007385.jar /home/chientt/0.workspace/data-structures/bloom_filter/target/surefire 2018-07-02T13-27-54_366-jvmRun1 surefire2165188868552380398tmp surefire_06017809154574859533tmp"/>
    <property name="test" value="com.chientt.bloomfilter.SimpleBloomFilterTest"/>
    <property name="surefire.test.class.path" value="/home/chientt/0.workspace/data-structures/bloom_filter/target/test-classes:/home/chientt/0.workspace/data-structures/bloom_filter/target/classes:/home/chientt/.m2/repository/org/assertj/assertj-core/3.9.1/assertj-core-3.9.1.jar:/home/chientt/.m2/repository/junit/junit/4.12/junit-4.12.jar:/home/chientt/.m2/repository/org/hamcrest/hamcrest-core/1.3/hamcrest-core-1.3.jar:"/>
    <property name="sun.cpu.endian" value="little"/>
    <property name="user.home" value="/home/chientt"/>
    <property name="user.language" value="en"/>
    <property name="java.specification.vendor" value="Oracle Corporation"/>
    <property name="java.home" value="/home/chientt/jdk1.8.0_151/jre"/>
    <property name="basedir" value="/home/chientt/0.workspace/data-structures/bloom_filter"/>
    <property name="file.separator" value="/"/>
    <property name="line.separator" value="&#10;"/>
    <property name="java.vm.specification.vendor" value="Oracle Corporation"/>
    <property name="java.specification.name" value="Java Platform API Specification"/>
    <property name="java.awt.graphicsenv" value="sun.awt.X11GraphicsEnvironment"/>
    <property name="surefire.real.class.path" value="/home/chientt/0.workspace/data-structures/bloom_filter/target/surefire/surefirebooter5045761519720007385.jar"/>
    <property name="sun.boot.class.path" value="/home/chientt/jdk1.8.0_151/jre/lib/resources.jar:/home/chientt/jdk1.8.0_151/jre/lib/rt.jar:/home/chientt/jdk1.8.0_151/jre/lib/sunrsasign.jar:/home/chientt/jdk1.8.0_151/jre/lib/jsse.jar:/home/chientt/jdk1.8.0_151/jre/lib/jce.jar:/home/chientt/jdk1.8.0_151/jre/lib/charsets.jar:/home/chientt/jdk1.8.0_151/jre/lib/jfr.jar:/home/chientt/jdk1.8.0_151/jre/classes"/>
    <property name="sun.management.compiler" value="HotSpot 64-Bit Tiered Compilers"/>
    <property name="java.runtime.version" value="1.8.0_151-b12"/>
    <property name="user.name" value="chientt"/>
    <property name="path.separator" value=":"/>
    <property name="os.version" value="4.13.0-45-generic"/>
    <property name="java.endorsed.dirs" value="/home/chientt/jdk1.8.0_151/jre/lib/endorsed"/>
    <property name="java.runtime.name" value="Java(TM) SE Runtime Environment"/>
    <property name="file.encoding" value="UTF-8"/>
    <property name="java.vm.name" value="Java HotSpot(TM) 64-Bit Server VM"/>
    <property name="maven.ext.class.path" value="/home/chientt/netbeans-8.2/java/maven-nblib/netbeans-eventspy.jar:/home/chientt/netbeans-8.2/java/maven-nblib/netbeans-eventspy.jar"/>
    <property name="localRepository" value="/home/chientt/.m2/repository"/>
    <property name="java.vendor.url.bug" value="http://bugreport.sun.com/bugreport/"/>
    <property name="java.io.tmpdir" value="/tmp"/>
    <property name="java.version" value="1.8.0_151"/>
    <property name="user.dir" value="/home/chientt/0.workspace/data-structures/bloom_filter"/>
    <property name="os.arch" value="amd64"/>
    <property name="java.vm.specification.name" value="Java Virtual Machine Specification"/>
    <property name="java.awt.printerjob" value="sun.print.PSPrinterJob"/>
    <property name="sun.os.patch.level" value="unknown"/>
    <property name="java.library.path" value="/home/chientt/jdk1.8.0_151/jre/lib/amd64:/home/chientt/jdk1.8.0_151/jre/lib/i386::/usr/java/packages/lib/amd64:/usr/lib64:/lib64:/lib:/usr/lib"/>
    <property name="java.vm.info" value="mixed mode"/>
    <property name="java.vendor" value="Oracle Corporation"/>
    <property name="java.vm.version" value="25.151-b12"/>
    <property name="java.ext.dirs" value="/home/chientt/jdk1.8.0_151/jre/lib/ext:/usr/java/packages/lib/ext"/>
    <property name="sun.io.unicode.encoding" value="UnicodeLittle"/>
    <property name="java.class.version" value="52.0"/>
  </properties>
  <testcase name="shouldNotContain" classname="com.chientt.bloomfilter.SimpleBloomFilterTest" time="0.148">
    <failure message="expected:&lt;[fals]e&gt; but was:&lt;[tru]e&gt;" type="org.junit.ComparisonFailure"><![CDATA[org.junit.ComparisonFailure: expected:<[fals]e> but was:<[tru]e>
	at com.chientt.bloomfilter.SimpleBloomFilterTest.shouldNotContain(SimpleBloomFilterTest.java:39)
]]></failure>
  </testcase>
  <testcase name="shouldContain" classname="com.chientt.bloomfilter.SimpleBloomFilterTest" time="0"/>
</testsuite>